{"name": "test_enroll_missing_username", "status": "failed", "statusDetails": {"message": "AssertionError: Expected 400/422, got 500\nassert 500 in [400, 422]\n +  where 500 = <Response [500]>.status_code", "trace": "tests\\stateful_apis\\enrollment\\test_enrollment_negative.py:10: in test_enroll_missing_username\n    assert response.status_code in [400, 422], f\"Expected 400/422, got {response.status_code}\"\nE   AssertionError: Expected 400/422, got 500\nE   assert 500 in [400, 422]\nE    +  where 500 = <Response [500]>.status_code"}, "attachments": [{"name": "log", "source": "25148435-ebfd-49bf-9862-cbfb0ec94a91-attachment.txt", "type": "text/plain"}, {"name": "stdout", "source": "0a080c60-2e1f-4de0-be43-d4af5775a530-attachment.txt", "type": "text/plain"}], "start": 1770695658501, "stop": 1770695661070, "uuid": "644b4fb2-e44f-475f-a434-fcf8ad5f6a2c", "historyId": "23b6456a47a1977e6672bdfe3d4200ae", "testCaseId": "23b6456a47a1977e6672bdfe3d4200ae", "fullName": "tests.stateful_apis.enrollment.test_enrollment_negative.TestEnrollmentNegative#test_enroll_missing_username", "labels": [{"name": "tag", "value": "enrollment"}, {"name": "tag", "value": "stateful"}, {"name": "parentSuite", "value": "tests.stateful_apis.enrollment"}, {"name": "suite", "value": "test_enrollment_negative"}, {"name": "subSuite", "value": "TestEnrollmentNegative"}, {"name": "host", "value": "BOS-NicolauD"}, {"name": "thread", "value": "47008-MainThread"}, {"name": "framework", "value": "pytest"}, {"name": "language", "value": "cpython3"}, {"name": "package", "value": "tests.stateful_apis.enrollment.test_enrollment_negative"}], "titlePath": ["tests", "stateful_apis", "enrollment", "test_enrollment_negative.py", "TestEnrollmentNegative"]}