{"name": "test_enroll_empty_username", "status": "failed", "statusDetails": {"message": "AssertionError: Expected 400/422, got 500\nassert 500 in [400, 422]\n +  where 500 = <Response [500]>.status_code", "trace": "tests\\stateful_apis\\enrollment\\test_enrollment_negative.py:14: in test_enroll_empty_username\n    assert response.status_code in [400, 422], f\"Expected 400/422, got {response.status_code}\"\nE   AssertionError: Expected 400/422, got 500\nE   assert 500 in [400, 422]\nE    +  where 500 = <Response [500]>.status_code"}, "attachments": [{"name": "log", "source": "59bcf028-2a74-4205-9d83-3ed3c59672f5-attachment.txt", "type": "text/plain"}, {"name": "stdout", "source": "ad9fb286-83e4-4431-9d7a-8c932112b59f-attachment.txt", "type": "text/plain"}], "start": 1770695661145, "stop": 1770695663670, "uuid": "e7264af4-1190-4ed3-9bac-5cb329d2a13b", "historyId": "36ed8ae26811d478cc541d376c478cdf", "testCaseId": "36ed8ae26811d478cc541d376c478cdf", "fullName": "tests.stateful_apis.enrollment.test_enrollment_negative.TestEnrollmentNegative#test_enroll_empty_username", "labels": [{"name": "tag", "value": "enrollment"}, {"name": "tag", "value": "stateful"}, {"name": "parentSuite", "value": "tests.stateful_apis.enrollment"}, {"name": "suite", "value": "test_enrollment_negative"}, {"name": "subSuite", "value": "TestEnrollmentNegative"}, {"name": "host", "value": "BOS-NicolauD"}, {"name": "thread", "value": "47008-MainThread"}, {"name": "framework", "value": "pytest"}, {"name": "language", "value": "cpython3"}, {"name": "package", "value": "tests.stateful_apis.enrollment.test_enrollment_negative"}], "titlePath": ["tests", "stateful_apis", "enrollment", "test_enrollment_negative.py", "TestEnrollmentNegative"]}