{"name": "test_add_face_missing_token", "status": "failed", "statusDetails": {"message": "AssertionError: Expected error status, got 500\nassert 500 in [400, 401, 422]\n +  where 500 = <Response [500]>.status_code", "trace": "tests\\stateful_apis\\enrollment\\test_enrollment_negative.py:28: in test_add_face_missing_token\n    assert response.status_code in [400, 401, 422], f\"Expected error status, got {response.status_code}\"\nE   AssertionError: Expected error status, got 500\nE   assert 500 in [400, 401, 422]\nE    +  where 500 = <Response [500]>.status_code"}, "attachments": [{"name": "log", "source": "39b2b2c8-43bc-41d8-9f33-39c627fb5389-attachment.txt", "type": "text/plain"}, {"name": "stdout", "source": "b0d1e4bd-d82d-4405-853c-9ccb6148b249-attachment.txt", "type": "text/plain"}], "start": 1770695961258, "stop": 1770695963941, "uuid": "57f7a591-71e6-479a-b592-1af00dbe0b63", "historyId": "c447a3bfb00f1a88f66fb069207c90f6", "testCaseId": "c447a3bfb00f1a88f66fb069207c90f6", "fullName": "tests.stateful_apis.enrollment.test_enrollment_negative.TestEnrollmentNegative#test_add_face_missing_token", "labels": [{"name": "tag", "value": "enrollment"}, {"name": "tag", "value": "stateful"}, {"name": "parentSuite", "value": "tests.stateful_apis.enrollment"}, {"name": "suite", "value": "test_enrollment_negative"}, {"name": "subSuite", "value": "TestEnrollmentNegative"}, {"name": "host", "value": "BOS-NicolauD"}, {"name": "thread", "value": "48948-MainThread"}, {"name": "framework", "value": "pytest"}, {"name": "language", "value": "cpython3"}, {"name": "package", "value": "tests.stateful_apis.enrollment.test_enrollment_negative"}], "titlePath": ["tests", "stateful_apis", "enrollment", "test_enrollment_negative.py", "TestEnrollmentNegative"]}