{"name": "test_non_enrolled_user", "status": "failed", "statusDetails": {"message": "AssertionError: Expected error status, got 500\nassert 500 in [400, 401, 404, 422]\n +  where 500 = <Response [500]>.status_code", "trace": "tests\\stateful_apis\\authentication\\test_authentication_negative.py:14: in test_non_enrolled_user\n    assert response.status_code in [400, 401, 404, 422], f\"Expected error status, got {response.status_code}\"\nE   AssertionError: Expected error status, got 500\nE   assert 500 in [400, 401, 404, 422]\nE    +  where 500 = <Response [500]>.status_code"}, "attachments": [{"name": "log", "source": "e6b57af9-2019-477b-9f72-262a17ff89ad-attachment.txt", "type": "text/plain"}], "start": 1770756958870, "stop": 1770756961598, "uuid": "fafa342e-8319-46af-aecb-d0bbc1dea220", "historyId": "06069694e5e2965a10f63232777aa132", "testCaseId": "06069694e5e2965a10f63232777aa132", "fullName": "tests.stateful_apis.authentication.test_authentication_negative.TestAuthenticationNegative#test_non_enrolled_user", "labels": [{"name": "tag", "value": "authentication"}, {"name": "tag", "value": "stateful"}, {"name": "parentSuite", "value": "tests.stateful_apis.authentication"}, {"name": "suite", "value": "test_authentication_negative"}, {"name": "subSuite", "value": "TestAuthenticationNegative"}, {"name": "host", "value": "BOS-NicolauD"}, {"name": "thread", "value": "46092-MainThread"}, {"name": "framework", "value": "pytest"}, {"name": "language", "value": "cpython3"}, {"name": "package", "value": "tests.stateful_apis.authentication.test_authentication_negative"}], "titlePath": ["tests", "stateful_apis", "authentication", "test_authentication_negative.py", "TestAuthenticationNegative"]}