{"name": "test_add_face_missing_token", "status": "failed", "statusDetails": {"message": "AssertionError: Expected error status, got 500\nassert 500 in [400, 401, 422]\n +  where 500 = <Response [500]>.status_code", "trace": "tests\\stateful_apis\\enrollment\\test_enrollment_negative.py:28: in test_add_face_missing_token\n    assert response.status_code in [400, 401, 422], f\"Expected error status, got {response.status_code}\"\nE   AssertionError: Expected error status, got 500\nE   assert 500 in [400, 401, 422]\nE    +  where 500 = <Response [500]>.status_code"}, "attachments": [{"name": "log", "source": "66d977f0-e413-442b-88e4-762749e2c7a8-attachment.txt", "type": "text/plain"}, {"name": "stdout", "source": "a67f8d99-dc6f-4728-944e-cec28e2522d5-attachment.txt", "type": "text/plain"}], "start": 1770695666405, "stop": 1770695669051, "uuid": "0a0a2978-9f1b-4364-a25a-af440e108d73", "historyId": "c447a3bfb00f1a88f66fb069207c90f6", "testCaseId": "c447a3bfb00f1a88f66fb069207c90f6", "fullName": "tests.stateful_apis.enrollment.test_enrollment_negative.TestEnrollmentNegative#test_add_face_missing_token", "labels": [{"name": "tag", "value": "enrollment"}, {"name": "tag", "value": "stateful"}, {"name": "parentSuite", "value": "tests.stateful_apis.enrollment"}, {"name": "suite", "value": "test_enrollment_negative"}, {"name": "subSuite", "value": "TestEnrollmentNegative"}, {"name": "host", "value": "BOS-NicolauD"}, {"name": "thread", "value": "47008-MainThread"}, {"name": "framework", "value": "pytest"}, {"name": "language", "value": "cpython3"}, {"name": "package", "value": "tests.stateful_apis.enrollment.test_enrollment_negative"}], "titlePath": ["tests", "stateful_apis", "enrollment", "test_enrollment_negative.py", "TestEnrollmentNegative"]}