{"name": "test_initiate_enrollment_empty_username", "status": "failed", "statusDetails": {"message": "AssertionError: Expected 400/422, got 500\nassert 500 in [400, 422]\n +  where 500 = <Response [500]>.status_code", "trace": "tests\\stateful_apis\\enrollment\\test_enrollment.py:519: in test_initiate_enrollment_empty_username\n    assert response.status_code in [400, 422], (\nE   AssertionError: Expected 400/422, got 500\nE   assert 500 in [400, 422]\nE    +  where 500 = <Response [500]>.status_code"}, "description": "Enrollment with empty username should fail.", "attachments": [{"name": "log", "source": "219e4513-0b96-4f1c-8f2d-f2f9aeeb879d-attachment.txt", "type": "text/plain"}], "start": 1770692851274, "stop": 1770692853817, "uuid": "eb23fbd9-c434-4897-855d-6bab026d92a8", "historyId": "1fe5229b17d8282074b6a28cd8808318", "testCaseId": "1fe5229b17d8282074b6a28cd8808318", "fullName": "tests.stateful_apis.enrollment.test_enrollment.TestEnrollmentNegative#test_initiate_enrollment_empty_username", "labels": [{"name": "tag", "value": "enrollment"}, {"name": "tag", "value": "stateful"}, {"name": "parentSuite", "value": "tests.stateful_apis.enrollment"}, {"name": "suite", "value": "test_enrollment"}, {"name": "subSuite", "value": "TestEnrollmentNegative"}, {"name": "host", "value": "BOS-NicolauD"}, {"name": "thread", "value": "38312-MainThread"}, {"name": "framework", "value": "pytest"}, {"name": "language", "value": "cpython3"}, {"name": "package", "value": "tests.stateful_apis.enrollment.test_enrollment"}], "titlePath": ["tests", "stateful_apis", "enrollment", "test_enrollment.py", "TestEnrollmentNegative"]}