{"name": "test_initiate_enrollment_missing_username", "status": "failed", "statusDetails": {"message": "AssertionError: Expected 400/422, got 500\nassert 500 in [400, 422]\n +  where 500 = <Response [500]>.status_code", "trace": "tests\\stateful_apis\\enrollment\\test_enrollment.py:509: in test_initiate_enrollment_missing_username\n    assert response.status_code in [400, 422], (\nE   AssertionError: Expected 400/422, got 500\nE   assert 500 in [400, 422]\nE    +  where 500 = <Response [500]>.status_code"}, "description": "Enrollment without username should fail.", "attachments": [{"name": "log", "source": "98e878ab-4446-4ac7-8e80-7987fbe7b033-attachment.txt", "type": "text/plain"}], "start": 1770692848738, "stop": 1770692851264, "uuid": "e15c66bd-5350-4693-8b48-443cc01a0062", "historyId": "b15fff095232dadcee8b8c6e165e991e", "testCaseId": "b15fff095232dadcee8b8c6e165e991e", "fullName": "tests.stateful_apis.enrollment.test_enrollment.TestEnrollmentNegative#test_initiate_enrollment_missing_username", "labels": [{"name": "tag", "value": "enrollment"}, {"name": "tag", "value": "stateful"}, {"name": "parentSuite", "value": "tests.stateful_apis.enrollment"}, {"name": "suite", "value": "test_enrollment"}, {"name": "subSuite", "value": "TestEnrollmentNegative"}, {"name": "host", "value": "BOS-NicolauD"}, {"name": "thread", "value": "38312-MainThread"}, {"name": "framework", "value": "pytest"}, {"name": "language", "value": "cpython3"}, {"name": "package", "value": "tests.stateful_apis.enrollment.test_enrollment"}], "titlePath": ["tests", "stateful_apis", "enrollment", "test_enrollment.py", "TestEnrollmentNegative"]}