{"name": "test_authenticate_missing_username", "status": "failed", "statusDetails": {"message": "AssertionError: Expected 400/422, got 500\nassert 500 in [400, 422]\n +  where 500 = <Response [500]>.status_code", "trace": "tests\\stateful_apis\\authentication\\test_authentication.py:370: in test_authenticate_missing_username\n    assert response.status_code in [400, 422], (\nE   AssertionError: Expected 400/422, got 500\nE   assert 500 in [400, 422]\nE    +  where 500 = <Response [500]>.status_code"}, "description": "Authentication without username should fail.", "attachments": [{"name": "log", "source": "d74c9eb1-a8d0-4d13-9c0b-03c1d01e74e7-attachment.txt", "type": "text/plain"}], "start": 1770692824248, "stop": 1770692826854, "uuid": "7545d64d-d335-406d-891e-c37b7a9ad85f", "historyId": "cac553a5e26febc1f5f3dd545a6a157b", "testCaseId": "cac553a5e26febc1f5f3dd545a6a157b", "fullName": "tests.stateful_apis.authentication.test_authentication.TestAuthenticationNegative#test_authenticate_missing_username", "labels": [{"name": "tag", "value": "authentication"}, {"name": "tag", "value": "stateful"}, {"name": "parentSuite", "value": "tests.stateful_apis.authentication"}, {"name": "suite", "value": "test_authentication"}, {"name": "subSuite", "value": "TestAuthenticationNegative"}, {"name": "host", "value": "BOS-NicolauD"}, {"name": "thread", "value": "38312-MainThread"}, {"name": "framework", "value": "pytest"}, {"name": "language", "value": "cpython3"}, {"name": "package", "value": "tests.stateful_apis.authentication.test_authentication"}], "titlePath": ["tests", "stateful_apis", "authentication", "test_authentication.py", "TestAuthenticationNegative"]}