{"name": "test_add_face_missing_token", "status": "failed", "statusDetails": {"message": "AssertionError: Expected error status, got 500\nassert 500 in [400, 401, 422]\n +  where 500 = <Response [500]>.status_code", "trace": "tests\\stateful_apis\\enrollment\\test_enrollment.py:560: in test_add_face_missing_token\n    assert response.status_code in [400, 401, 422], (\nE   AssertionError: Expected error status, got 500\nE   assert 500 in [400, 401, 422]\nE    +  where 500 = <Response [500]>.status_code"}, "description": "Add face without token should fail.", "attachments": [{"name": "log", "source": "19d1250d-a1d8-429d-b6eb-8b76389ca0f0-attachment.txt", "type": "text/plain"}], "start": 1770692856486, "stop": 1770692859150, "uuid": "858a54d7-d0c1-4053-9333-be3b5c614f1f", "historyId": "13b1c7c6665c94a347017c531c8ccd16", "testCaseId": "13b1c7c6665c94a347017c531c8ccd16", "fullName": "tests.stateful_apis.enrollment.test_enrollment.TestEnrollmentNegative#test_add_face_missing_token", "labels": [{"name": "tag", "value": "enrollment"}, {"name": "tag", "value": "stateful"}, {"name": "parentSuite", "value": "tests.stateful_apis.enrollment"}, {"name": "suite", "value": "test_enrollment"}, {"name": "subSuite", "value": "TestEnrollmentNegative"}, {"name": "host", "value": "BOS-NicolauD"}, {"name": "thread", "value": "38312-MainThread"}, {"name": "framework", "value": "pytest"}, {"name": "language", "value": "cpython3"}, {"name": "package", "value": "tests.stateful_apis.enrollment.test_enrollment"}], "titlePath": ["tests", "stateful_apis", "enrollment", "test_enrollment.py", "TestEnrollmentNegative"]}