{"name": "test_authenticate_non_enrolled_user", "status": "failed", "statusDetails": {"message": "AssertionError: Expected error status, got 500\nassert 500 in [400, 401, 404, 422]\n +  where 500 = <Response [500]>.status_code", "trace": "tests\\stateful_apis\\authentication\\test_authentication.py:360: in test_authenticate_non_enrolled_user\n    assert response.status_code in [400, 401, 404, 422], (\nE   AssertionError: Expected error status, got 500\nE   assert 500 in [400, 401, 404, 422]\nE    +  where 500 = <Response [500]>.status_code"}, "description": "Authentication for non-existent user should fail.", "attachments": [{"name": "log", "source": "abef21ed-8cf3-4dc9-9d47-8e3aea7dcc26-attachment.txt", "type": "text/plain"}], "start": 1770692821600, "stop": 1770692824174, "uuid": "6796d152-bd06-4464-a5b8-cc3bbce0a872", "historyId": "3addd261a87de1ef27e32b36b14d8b89", "testCaseId": "3addd261a87de1ef27e32b36b14d8b89", "fullName": "tests.stateful_apis.authentication.test_authentication.TestAuthenticationNegative#test_authenticate_non_enrolled_user", "labels": [{"name": "tag", "value": "authentication"}, {"name": "tag", "value": "stateful"}, {"name": "parentSuite", "value": "tests.stateful_apis.authentication"}, {"name": "suite", "value": "test_authentication"}, {"name": "subSuite", "value": "TestAuthenticationNegative"}, {"name": "host", "value": "BOS-NicolauD"}, {"name": "thread", "value": "38312-MainThread"}, {"name": "framework", "value": "pytest"}, {"name": "language", "value": "cpython3"}, {"name": "package", "value": "tests.stateful_apis.authentication.test_authentication"}], "titlePath": ["tests", "stateful_apis", "authentication", "test_authentication.py", "TestAuthenticationNegative"]}