{"name": "test_missing_username", "status": "failed", "statusDetails": {"message": "AssertionError: Expected 400/422, got 500\nassert 500 in [400, 422]\n +  where 500 = <Response [500]>.status_code", "trace": "tests\\stateful_apis\\authentication\\test_authentication_negative.py:18: in test_missing_username\n    assert response.status_code in [400, 422], f\"Expected 400/422, got {response.status_code}\"\nE   AssertionError: Expected 400/422, got 500\nE   assert 500 in [400, 422]\nE    +  where 500 = <Response [500]>.status_code"}, "attachments": [{"name": "log", "source": "3671290d-3a29-45cf-aa46-5039a344b4c3-attachment.txt", "type": "text/plain"}], "start": 1770756961676, "stop": 1770756964510, "uuid": "6f9d2783-ea18-4d15-929f-d8b263ef20a4", "historyId": "54d8516b18711ad5705809bd45c23206", "testCaseId": "54d8516b18711ad5705809bd45c23206", "fullName": "tests.stateful_apis.authentication.test_authentication_negative.TestAuthenticationNegative#test_missing_username", "labels": [{"name": "tag", "value": "authentication"}, {"name": "tag", "value": "stateful"}, {"name": "parentSuite", "value": "tests.stateful_apis.authentication"}, {"name": "suite", "value": "test_authentication_negative"}, {"name": "subSuite", "value": "TestAuthenticationNegative"}, {"name": "host", "value": "BOS-NicolauD"}, {"name": "thread", "value": "46092-MainThread"}, {"name": "framework", "value": "pytest"}, {"name": "language", "value": "cpython3"}, {"name": "package", "value": "tests.stateful_apis.authentication.test_authentication_negative"}], "titlePath": ["tests", "stateful_apis", "authentication", "test_authentication_negative.py", "TestAuthenticationNegative"]}