{"name": "test_analyze_encrypted_invalid_encryption_data", "status": "failed", "statusDetails": {"message": "AssertionError: assert 'errorCode' in {'error': {'code': -1, 'description': 'OpenSSL Error: error:03000082:digital envelope routines::invalid key length\\nPlease double check that you are using the correct encryption parameters, and using matching keys.'}}", "trace": "tests\\stateless_apis\\face_liveness\\test_encrypted_negative.py:65: in test_analyze_encrypted_invalid_encryption_data\n    assert \"errorCode\" in error\nE   AssertionError: assert 'errorCode' in {'error': {'code': -1, 'description': 'OpenSSL Error: error:03000082:digital envelope routines::invalid key length\\nPlease double check that you are using the correct encryption parameters, and using matching keys.'}}"}, "description": "Test analyzeEncrypted with invalid encryption data.", "attachments": [{"name": "log", "source": "c11157bb-7d13-40d6-ade9-ec4fe219cc36-attachment.txt", "type": "text/plain"}, {"name": "stdout", "source": "b463a9ba-feb2-4269-8760-f0cc7518a994-attachment.txt", "type": "text/plain"}], "start": 1770677112479, "stop": 1770677115252, "uuid": "85e9fffa-768d-4d44-9999-0934a4b089fc", "historyId": "fe3a993eff2968cd0ab42bed3e094277", "testCaseId": "fe3a993eff2968cd0ab42bed3e094277", "fullName": "tests.stateless_apis.face_liveness.test_encrypted_negative#test_analyze_encrypted_invalid_encryption_data", "labels": [{"name": "tag", "value": "encrypted"}, {"name": "tag", "value": "face_liveness"}, {"name": "tag", "value": "stateless"}, {"name": "parentSuite", "value": "tests.stateless_apis.face_liveness"}, {"name": "suite", "value": "test_encrypted_negative"}, {"name": "host", "value": "BOS-NicolauD"}, {"name": "thread", "value": "47332-MainThread"}, {"name": "framework", "value": "pytest"}, {"name": "language", "value": "cpython3"}, {"name": "package", "value": "tests.stateless_apis.face_liveness.test_encrypted_negative"}], "titlePath": ["tests", "stateless_apis", "face_liveness", "test_encrypted_negative.py"]}