{"name": "test_enroll_missing_username", "status": "failed", "statusDetails": {"message": "AssertionError: Expected 400/422, got 500\nassert 500 in [400, 422]\n +  where 500 = <Response [500]>.status_code", "trace": "tests\\stateful_apis\\enrollment\\test_enrollment_negative.py:10: in test_enroll_missing_username\n    assert response.status_code in [400, 422], f\"Expected 400/422, got {response.status_code}\"\nE   AssertionError: Expected 400/422, got 500\nE   assert 500 in [400, 422]\nE    +  where 500 = <Response [500]>.status_code"}, "attachments": [{"name": "log", "source": "af4b1e49-adb2-4f1c-85a6-0717cca0eb31-attachment.txt", "type": "text/plain"}, {"name": "stdout", "source": "6168fa9c-71e5-42ee-9f59-df2b21e02579-attachment.txt", "type": "text/plain"}], "start": 1770695953270, "stop": 1770695955812, "uuid": "298736f2-f1e1-43e6-b86e-7039aa11351c", "historyId": "23b6456a47a1977e6672bdfe3d4200ae", "testCaseId": "23b6456a47a1977e6672bdfe3d4200ae", "fullName": "tests.stateful_apis.enrollment.test_enrollment_negative.TestEnrollmentNegative#test_enroll_missing_username", "labels": [{"name": "tag", "value": "enrollment"}, {"name": "tag", "value": "stateful"}, {"name": "parentSuite", "value": "tests.stateful_apis.enrollment"}, {"name": "suite", "value": "test_enrollment_negative"}, {"name": "subSuite", "value": "TestEnrollmentNegative"}, {"name": "host", "value": "BOS-NicolauD"}, {"name": "thread", "value": "48948-MainThread"}, {"name": "framework", "value": "pytest"}, {"name": "language", "value": "cpython3"}, {"name": "package", "value": "tests.stateful_apis.enrollment.test_enrollment_negative"}], "titlePath": ["tests", "stateful_apis", "enrollment", "test_enrollment_negative.py", "TestEnrollmentNegative"]}