{"name": "test_enroll_empty_username", "status": "failed", "statusDetails": {"message": "AssertionError: Expected 400/422, got 500\nassert 500 in [400, 422]\n +  where 500 = <Response [500]>.status_code", "trace": "tests\\stateful_apis\\enrollment\\test_enrollment_negative.py:14: in test_enroll_empty_username\n    assert response.status_code in [400, 422], f\"Expected 400/422, got {response.status_code}\"\nE   AssertionError: Expected 400/422, got 500\nE   assert 500 in [400, 422]\nE    +  where 500 = <Response [500]>.status_code"}, "attachments": [{"name": "log", "source": "e5ab282d-654d-4fb2-94c5-0b75abf0ab62-attachment.txt", "type": "text/plain"}, {"name": "stdout", "source": "1d69e200-58fa-46b4-8a2f-3c49250f0357-attachment.txt", "type": "text/plain"}], "start": 1770695955883, "stop": 1770695958502, "uuid": "ece33997-d180-44ff-9d55-12fc4a92b51b", "historyId": "36ed8ae26811d478cc541d376c478cdf", "testCaseId": "36ed8ae26811d478cc541d376c478cdf", "fullName": "tests.stateful_apis.enrollment.test_enrollment_negative.TestEnrollmentNegative#test_enroll_empty_username", "labels": [{"name": "tag", "value": "enrollment"}, {"name": "tag", "value": "stateful"}, {"name": "parentSuite", "value": "tests.stateful_apis.enrollment"}, {"name": "suite", "value": "test_enrollment_negative"}, {"name": "subSuite", "value": "TestEnrollmentNegative"}, {"name": "host", "value": "BOS-NicolauD"}, {"name": "thread", "value": "48948-MainThread"}, {"name": "framework", "value": "pytest"}, {"name": "language", "value": "cpython3"}, {"name": "package", "value": "tests.stateful_apis.enrollment.test_enrollment_negative"}], "titlePath": ["tests", "stateful_apis", "enrollment", "test_enrollment_negative.py", "TestEnrollmentNegative"]}